proguard/seeds.txt
com.ivpoints.mobile.utils.view.MyImageView: void setOnClickIntent(com.ivpoints.mobile.utils.view.MyImageView$OnViewClick)
com.ivpoints.mobile.utils.view.MyImageView: int getDegree()
com.ivpoints.mobile.utils.view.MyImageView: void setDegree(int)
com.ivpoints.mobile.utils.view.MyImageView: float getScale()
com.ivpoints.mobile.utils.view.MyImageView: void setScale(float)
com.ivpoints.mobile.utils.view.MyLetterListView
com.ivpoints.mobile.utils.view.MyLetterListView: MyLetterListView(android.content.Context,android.util.AttributeSet,int)
com.ivpoints.mobile.utils.view.MyLetterListView: MyLetterListView(android.content.Context,android.util.AttributeSet)
com.ivpoints.mobile.utils.view.MyLetterListView: MyLetterListView(android.content.Context)
com.ivpoints.mobile.utils.view.MyLetterListView: void setOnTouchingLetterChangedListener(com.ivpoints.mobile.utils.view.MyLetterListView$OnTouchingLetterChangedListener)
com.ivpoints.mobile.utils.view.WelcomeView: void setImageIds(int[])
com.ivpoints.mobile.utils.view.pulltorefresh.XFooterView: void setState(int)
com.ivpoints.mobile.utils.view.pulltorefresh.XFooterView: void setBottomMargin(int)
com.ivpoints.mobile.utils.view.pulltorefresh.XFooterView: int getBottomMargin()
com.ivpoints.mobile.utils.view.pulltorefresh.XHeaderView: void setState(int)
com.ivpoints.mobile.utils.view.pulltorefresh.XHeaderView: void setVisiableHeight(int)
com.ivpoints.mobile.utils.view.pulltorefresh.XHeaderView: int getVisiableHeight()
com.ivpoints.mobile.utils.view.pulltorefresh.XListView
com.ivpoints.mobile.utils.view.pulltorefresh.XListView: XListView(android.content.Context)
com.ivpoints.mobile.utils.view.pulltorefresh.XListView: XListView(android.content.Context,android.util.AttributeSet)
com.ivpoints.mobile.utils.view.pulltorefresh.XListView: XListView(android.content.Context,android.util.AttributeSet,int)
com.ivpoints.mobile.utils.view.pulltorefresh.XListView: void setAdapter(android.widget.ListAdapter)
com.ivpoints.mobile.utils.view.pulltorefresh.XListView: void setPullRefreshEnable(boolean)
com.ivpoints.mobile.utils.view.pulltorefresh.XListView: void setPullLoadEnable(boolean)
com.ivpoints.mobile.utils.view.pulltorefresh.XListView: void setRefreshTime(java.lang.String)
com.ivpoints.mobile.utils.view.pulltorefresh.XListView: void setOnScrollListener(android.widget.AbsListView$OnScrollListener)
com.ivpoints.mobile.utils.view.pulltorefresh.XListView: void setXListViewListener(com.ivpoints.mobile.utils.view.pulltorefresh.XListView$IXListViewListener)
com.ivpoints.mobile.utils.view.pulltorefresh.XScrollView
com.ivpoints.mobile.utils.view.pulltorefresh.XScrollView: XScrollView(android.content.Context)
com.ivpoints.mobile.utils.view.pulltorefresh.XScrollView: XScrollView(android.content.Context,android.util.AttributeSet)
com.ivpoints.mobile.utils.view.pulltorefresh.XScrollView: XScrollView(android.content.Context,android.util.AttributeSet,int)
com.ivpoints.mobile.utils.view.pulltorefresh.XScrollView: void setContentView(android.view.ViewGroup)
com.ivpoints.mobile.utils.view.pulltorefresh.XScrollView: void setView(android.view.View)
com.ivpoints.mobile.utils.view.pulltorefresh.XScrollView: void setPullRefreshEnable(boolean)
com.ivpoints.mobile.utils.view.pulltorefresh.XScrollView: void setPullLoadEnable(boolean)
com.ivpoints.mobile.utils.view.pulltorefresh.XScrollView: void setRefreshTime(java.lang.String)
com.ivpoints.mobile.utils.view.pulltorefresh.XScrollView: void setOnScrollListener(android.widget.AbsListView$OnScrollListener)
com.ivpoints.mobile.utils.view.pulltorefresh.XScrollView: void setIXScrollViewListener(com.ivpoints.mobile.utils.view.pulltorefresh.XScrollView$IXScrollViewListener)
com.umeng.analytics.Gender: com.umeng.analytics.Gender[] values()
com.umeng.analytics.Gender: com.umeng.analytics.Gender valueOf(java.lang.String)