proguard/mapping.txt
android.support.v7.internal.view.menu.MenuPresenter -> android.support.v7.internal.view.menu.u:
    void initForMenu(android.content.Context,android.support.v7.internal.view.menu.MenuBuilder) -> a
    void updateMenuView(boolean) -> b
    boolean onSubMenuSelected(android.support.v7.internal.view.menu.SubMenuBuilder) -> a
    void onCloseMenu(android.support.v7.internal.view.menu.MenuBuilder,boolean) -> a
    boolean flagActionItems() -> f
    boolean expandItemActionView(android.support.v7.internal.view.menu.MenuBuilder,android.support.v7.internal.view.menu.MenuItemImpl) -> a
    boolean collapseItemActionView(android.support.v7.internal.view.menu.MenuBuilder,android.support.v7.internal.view.menu.MenuItemImpl) -> b
android.support.v7.internal.view.menu.MenuPresenter$Callback -> android.support.v7.internal.view.menu.v:
    void onCloseMenu(android.support.v7.internal.view.menu.MenuBuilder,boolean) -> a
    boolean onOpenSubMenu(android.support.v7.internal.view.menu.MenuBuilder) -> a
android.support.v7.internal.view.menu.MenuView -> android.support.v7.internal.view.menu.w:
    void initialize(android.support.v7.internal.view.menu.MenuBuilder) -> a
android.support.v7.internal.view.menu.MenuView$ItemView -> android.support.v7.internal.view.menu.x:
    void initialize(android.support.v7.internal.view.menu.MenuItemImpl,int) -> a
    android.support.v7.internal.view.menu.MenuItemImpl getItemData() -> getItemData
    boolean prefersCondensedTitle() -> a
android.support.v7.internal.view.menu.SubMenuBuilder -> android.support.v7.internal.view.menu.y:
    android.support.v7.internal.view.menu.MenuBuilder mParentMenu -> d
    android.support.v7.internal.view.menu.MenuItemImpl mItem -> e
    void setQwertyMode(boolean) -> setQwertyMode
    boolean isQwertyMode() -> a
    boolean isShortcutsVisible() -> b
    android.view.Menu getParentMenu() -> r
    android.view.MenuItem getItem() -> getItem
    android.support.v7.internal.view.menu.MenuBuilder getRootMenu() -> o
    boolean dispatchMenuItemSelected(android.support.v7.internal.view.menu.MenuBuilder,android.view.MenuItem) -> a
    android.view.SubMenu setIcon(android.graphics.drawable.Drawable) -> setIcon
    android.view.SubMenu setIcon(int) -> setIcon
    android.view.SubMenu setHeaderIcon(android.graphics.drawable.Drawable) -> setHeaderIcon
    android.view.SubMenu setHeaderIcon(int) -> setHeaderIcon
    android.view.SubMenu setHeaderTitle(java.lang.CharSequence) -> setHeaderTitle
    android.view.SubMenu setHeaderTitle(int) -> setHeaderTitle
    android.view.SubMenu setHeaderView(android.view.View) -> setHeaderView
    void clearHeader() -> clearHeader
    boolean expandItemActionView(android.support.v7.internal.view.menu.MenuItemImpl) -> c
    boolean collapseItemActionView(android.support.v7.internal.view.menu.MenuItemImpl) -> d